     Assembly listing for: marieADD.mas
                Assembled: Tue Apr 23 14:12:18 EDT 2019

000 1006 |         LOAD num1         
001 3007 |         ADD num2          
002 2008 |         STORE sum         
003 1008 |         LOAD sum          
004 6000 |         OUTPUT            
005 7000 |         HALT              
         |                          
         |                          
         |                          
         |                          
006 0005 |  num1   DEC 5             
007 0002 |  num2   DEC 2             
008 0000 |  sum    DEC 0             

Assembly successful.

         SYMBOL TABLE
         --------------------------------------------------
          Symbol | Defined | References 
         --------+---------+-------------------------------
          num1   |   006   | 000
          num2   |   007   | 001
          sum    |   008   | 002, 003
         --------------------------------------------------

